生成启动时间为 2017/11/7 10:35:08。
     1>项目“D:\ThirdParty_dll\ann_1.1.2\MS_Win32\dll\dll.vcxproj”在节点 2 上(Build 个目标)。
     1>ClCompile:
         C:\Program Files (x86)\Microsoft Visual Studio 11.0\VC\bin\CL.exe /c /I..\..\include /Zi /nologo /W3 /WX- /O2 /Ob1 /Oy- /D WIN32 /D NDEBUG /D _WINDOWS /D _MBCS /D _USRDLL /D DLL_EXPORTS /D WIN32 /D NDEBUG /D _WINDOWS /D _USRDLL /D DLL_EXPORTS /D ANN_NO_RANDOM /D _VC80_UPGRADE=0x0710 /D _WINDLL /D _MBCS /GF /Gm- /EHsc /MT /GS /Gy /fp:precise /Zc:wchar_t /Zc:forScope /Fo".\Release/" /Fd".\Release/vc110.pdb" /Gd /TP /analyze- /errorReport:prompt ..\..\src\ANN.cpp ..\..\src\bd_pr_search.cpp ..\..\src\bd_search.cpp ..\..\src\bd_tree.cpp ..\..\src\brute.cpp ..\..\src\kd_pr_search.cpp ..\..\src\kd_search.cpp ..\..\src\kd_split.cpp ..\..\src\kd_tree.cpp ..\..\src\kd_util.cpp ..\..\src\perf.cpp
         ANN.cpp
         bd_pr_search.cpp
         bd_search.cpp
         bd_tree.cpp
         brute.cpp
         kd_pr_search.cpp
         kd_search.cpp
         kd_split.cpp
         kd_tree.cpp
         kd_util.cpp
         perf.cpp
         正在生成代码...
         C:\Program Files (x86)\Microsoft Visual Studio 11.0\VC\bin\CL.exe /c /I..\..\include /Zi /nologo /W3 /WX- /O2 /Ob1 /Oy- /D WIN32 /D NDEBUG /D _WINDOWS /D _USRDLL /D DLL_EXPORTS /D ANN_NO_RANDOM /D _VC80_UPGRADE=0x0710 /D _WINDLL /D _MBCS /GF /Gm- /EHsc /MT /GS /Gy /fp:precise /Zc:wchar_t /Zc:forScope /Fo".\Release/" /Fd".\Release/vc110.pdb" /Gd /TP /analyze- /errorReport:prompt ..\..\src\bd_fix_rad_search.cpp ..\..\src\kd_dump.cpp ..\..\src\kd_fix_rad_search.cpp
         bd_fix_rad_search.cpp
         kd_dump.cpp
         kd_fix_rad_search.cpp
         正在生成代码...
     1>C:\Program Files (x86)\MSBuild\Microsoft.Cpp\v4.0\V110\Microsoft.CppBuild.targets(1137,5): warning MSB8012: TargetPath(D:\ThirdParty_dll\ann_1.1.2\MS_Win32\dll\.\Release\dll.dll) does not match the Linker's OutputFile property value (D:\ThirdParty_dll\ann_1.1.2\MS_Win32\bin\ANN.dll). This may cause your project to build incorrectly. To correct this, please make sure that $(OutDir), $(TargetName) and $(TargetExt) property values match the value specified in %(Link.OutputFile).
     1>C:\Program Files (x86)\MSBuild\Microsoft.Cpp\v4.0\V110\Microsoft.CppBuild.targets(1139,5): warning MSB8012: TargetName(dll) does not match the Linker's OutputFile property value (ANN). This may cause your project to build incorrectly. To correct this, please make sure that $(OutDir), $(TargetName) and $(TargetExt) property values match the value specified in %(Link.OutputFile).
       Link:
         C:\Program Files (x86)\Microsoft Visual Studio 11.0\VC\bin\link.exe /ERRORREPORT:PROMPT /OUT:"..\bin\ANN.dll" /INCREMENTAL:NO /NOLOGO kernel32.lib user32.lib gdi32.lib winspool.lib comdlg32.lib advapi32.lib shell32.lib ole32.lib oleaut32.lib uuid.lib odbc32.lib odbccp32.lib /MANIFEST /MANIFESTUAC:"level='asInvoker' uiAccess='false'" /manifest:embed /PDB:".\Release\ANN.pdb" /TLBID:1 /DYNAMICBASE:NO /IMPLIB:".\Release\ANN.lib" /MACHINE:X86 /SAFESEH /DLL .\Release/ANN.obj
         .\Release/bd_fix_rad_search.obj
         .\Release/bd_pr_search.obj
         .\Release/bd_search.obj
         .\Release/bd_tree.obj
         .\Release/brute.obj
         .\Release/kd_dump.obj
         .\Release/kd_fix_rad_search.obj
         .\Release/kd_pr_search.obj
         .\Release/kd_search.obj
         .\Release/kd_split.obj
         .\Release/kd_tree.obj
         .\Release/kd_util.obj
         .\Release/perf.obj
            正在创建库 .\Release\ANN.lib 和对象 .\Release\ANN.exp
         dll.vcxproj -> D:\ThirdParty_dll\ann_1.1.2\MS_Win32\dll\.\Release\dll.dll
     1>已完成生成项目“D:\ThirdParty_dll\ann_1.1.2\MS_Win32\dll\dll.vcxproj”(Build 个目标)的操作。

生成成功。

已用时间 00:00:07.52
